<?xml version="1.0" encoding="UTF-8"?>
<!-- Generated by org.testng.reporters.JUnitReportReporter -->
<testsuite hostname="LAPTOP-SIK01H1P" failures="0" tests="3" name="Test_ProfilePage" time="9.241" errors="0" timestamp="2022-05-20T19:31:13 IST" skipped="0">
  <testcase classname="Test_ProfilePage" name="profilePage" time="6.360"/>
  <system-out/>
  <testcase classname="Test_ProfilePage" name="uploadProfileImage" time="2.720"/>
  <system-out/>
  <testcase classname="Test_ProfilePage" name="testProjectSummaryButton" time="0.161"/>
  <system-out/>
</testsuite> <!-- Test_ProfilePage -->
